<?xml version="1.0" encoding="utf-8"?><testsuites name="pytest tests"><testsuite name="pytest" errors="0" failures="0" skipped="0" tests="18" time="3.564" timestamp="2026-07-31T17:00:22.499215+00:00" hostname="agent-env-2f24648e-0a4e-4f4a-8244-582e9ca6975c"><testcase classname="backend.tests.test_haccp.TestHaccpOverviewAndSeeds" name="test_overview_shape" time="0.301" /><testcase classname="backend.tests.test_haccp.TestHaccpOverviewAndSeeds" name="test_default_equipment_ranges" time="0.058" /><testcase classname="backend.tests.test_haccp.TestHaccpOverviewAndSeeds" name="test_default_pms_has_twelve_items" time="0.056" /><testcase classname="backend.tests.test_haccp.TestTraceability" name="test_trace_create_get_delete" time="0.263" /><testcase classname="backend.tests.test_haccp.TestTemperatures" name="test_conforming_and_nonconforming_temperature" time="0.399" /><testcase classname="backend.tests.test_haccp.TestTemperatures" name="test_unknown_equipment_rejected" time="0.051" /><testcase classname="backend.tests.test_haccp.TestPms" name="test_patch_all_supported_statuses_and_restore" time="0.439" /><testcase classname="backend.tests.test_haccp.TestPms" name="test_invalid_pms_status_rejected" time="0.113" /><testcase classname="backend.tests.test_haccp.TestNonConformities" name="test_nc_create_close_delete" time="0.288" /><testcase classname="backend.tests.test_haccp.TestCleaning" name="test_clean_task_log_and_delete" time="0.280" /><testcase classname="backend.tests.test_haccp.TestAllergens" name="test_allergen_list_filter_create_delete" time="0.283" /><testcase classname="backend.tests.test_haccp.TestDocuments" name="test_expired_document_create_get_delete" time="0.265" /><testcase classname="backend.tests.test_haccp" name="test_required_text_rejects_blank[trace-payload0-trace]" time="0.052" /><testcase classname="backend.tests.test_haccp" name="test_required_text_rejects_blank[equipements-payload1-equipements]" time="0.053" /><testcase classname="backend.tests.test_haccp" name="test_required_text_rejects_blank[nc-payload2-nc]" time="0.052" /><testcase classname="backend.tests.test_haccp" name="test_required_text_rejects_blank[nettoyage/taches-payload3-nettoyage/taches]" time="0.281" /><testcase classname="backend.tests.test_haccp" name="test_required_text_rejects_blank[allergenes-payload4-allergenes]" time="0.062" /><testcase classname="backend.tests.test_haccp" name="test_required_text_rejects_blank[documents-payload5-documents]" time="0.158" /></testsuite></testsuites>