<?xml version="1.0" encoding="utf-8"?><testsuites name="pytest tests"><testsuite name="pytest" errors="0" failures="2" skipped="0" tests="8" time="1.225" timestamp="2026-08-01T08:26:32.107150+00:00" hostname="agent-env-2f24648e-0a4e-4f4a-8244-582e9ca6975c"><testcase classname="backend.tests.test_home_assistant" name="test_initial_config_is_empty" time="0.218" /><testcase classname="backend.tests.test_home_assistant" name="test_connection_success_and_invalid_token" time="0.141" /><testcase classname="backend.tests.test_home_assistant" name="test_save_rejects_invalid_url_then_persists_without_exposing_token" time="0.167" /><testcase classname="backend.tests.test_home_assistant" name="test_states_contract_and_filtering" time="0.068" /><testcase classname="backend.tests.test_home_assistant" name="test_toggle_scene_and_service_forward_exact_calls" time="0.207" /><testcase classname="backend.tests.test_home_assistant" name="test_control_endpoints_reject_blank_commands[toggle-payload0]" time="0.071"><failure message="AssertionError: {&quot;ok&quot;:true}&#10;assert 200 == 422&#10; +  where 200 = &lt;Response [200]&gt;.status_code">backend/tests/test_home_assistant.py:150: in test_control_endpoints_reject_blank_commands
    assert response.status_code == 422, response.text
E   AssertionError: {"ok":true}
E   assert 200 == 422
E    +  where 200 = &lt;Response [200]&gt;.status_code</failure></testcase><testcase classname="backend.tests.test_home_assistant" name="test_control_endpoints_reject_blank_commands[service-payload1]" time="0.065"><failure message="AssertionError: {&quot;detail&quot;:&quot;Erreur Home Assistant : {\&quot;message\&quot;: \&quot;Not found\&quot;}&quot;}&#10;assert 404 == 422&#10; +  where 404 = &lt;Response [404]&gt;.status_code">backend/tests/test_home_assistant.py:150: in test_control_endpoints_reject_blank_commands
    assert response.status_code == 422, response.text
E   AssertionError: {"detail":"Erreur Home Assistant : {\"message\": \"Not found\"}"}
E   assert 404 == 422
E    +  where 404 = &lt;Response [404]&gt;.status_code</failure></testcase><testcase classname="backend.tests.test_home_assistant" name="test_delete_resets_config_and_protected_endpoints_fail_cleanly" time="0.185" /></testsuite></testsuites>