<?xml version="1.0" encoding="utf-8"?><testsuites name="pytest tests"><testsuite name="pytest" errors="0" failures="0" skipped="0" tests="16" time="6.460" timestamp="2026-08-09T10:27:21.287506+00:00" hostname="agent-env-2f24648e-0a4e-4f4a-8244-582e9ca6975c"><testcase classname="backend.tests.test_iteration40_intent" name="test_normal_user_password_hash_uses_bcrypt_2b_prefix" time="0.012" /><testcase classname="backend.tests.test_iteration40_intent.TestIntentAuthentication" name="test_intent_rejects_unauthenticated_request" time="0.220" /><testcase classname="backend.tests.test_iteration40_intent.TestIntentAuthentication" name="test_authenticated_cookie_session_can_call_intent" time="0.913" /><testcase classname="backend.tests.test_iteration40_intent.TestNaturalLanguageIntentMappings" name="test_required_command_mapping[fais dispara\xeetre toutes les fen\xeatres-minimize_all-None]" time="0.495" /><testcase classname="backend.tests.test_iteration40_intent.TestNaturalLanguageIntentMappings" name="test_required_command_mapping[d\xe9barrasse-moi de th\xe9mis-close_module-themis]" time="0.474" /><testcase classname="backend.tests.test_iteration40_intent.TestNaturalLanguageIntentMappings" name="test_required_command_mapping[tais-toi-stop_reading-None]" time="0.693" /><testcase classname="backend.tests.test_iteration40_intent.TestNaturalLanguageIntentMappings" name="test_required_command_mapping[coupe la musique de fond-stop_music-None]" time="0.409" /><testcase classname="backend.tests.test_iteration40_intent.TestNaturalLanguageIntentMappings" name="test_required_command_mapping[montre-moi mon agenda-open_module-gcal]" time="0.472" /><testcase classname="backend.tests.test_iteration40_intent.TestNaturalLanguageIntentMappings" name="test_required_command_mapping[je voudrais consulter les pr\xe9dictions-open_module-oracle]" time="0.532" /><testcase classname="backend.tests.test_iteration40_intent.TestNaturalLanguageIntentMappings" name="test_required_command_mapping[affiche le module juridique-open_module-solon]" time="0.422" /><testcase classname="backend.tests.test_iteration40_intent.TestNaturalLanguageIntentMappings" name="test_information_requests_do_not_trigger_ui_actions[quelle est la capitale de l'Australie]" time="0.382" /><testcase classname="backend.tests.test_iteration40_intent.TestNaturalLanguageIntentMappings" name="test_information_requests_do_not_trigger_ui_actions[quelle est la capitale du Japon]" time="0.485" /><testcase classname="backend.tests.test_iteration40_intent.TestNaturalLanguageIntentMappings" name="test_information_requests_do_not_trigger_ui_actions[explique-moi comment fonctionne la bourse]" time="0.476" /><testcase classname="backend.tests.test_iteration40_intent.TestNaturalLanguageIntentMappings" name="test_information_requests_do_not_trigger_ui_actions[quel est mon prochain rendez-vous dans l'agenda ?]" time="0.240" /><testcase classname="backend.tests.test_iteration40_intent.TestNaturalLanguageIntentMappings" name="test_empty_text_returns_none" time="0.042" /><testcase classname="backend.tests.test_iteration40_intent.TestNaturalLanguageIntentMappings" name="test_invalid_payload_is_rejected" time="0.039" /></testsuite></testsuites>