<?xml version="1.0" encoding="utf-8"?><testsuites name="pytest tests"><testsuite name="pytest" errors="0" failures="0" skipped="0" tests="12" time="1.368" timestamp="2026-07-19T18:17:26.041216+00:00" hostname="agent-env-e2684f61-e070-4820-8bd1-dfcd02dce834"><testcase classname="backend.tests.test_sirius_new_features.TestLocalMemory" name="test_list_returns_facts_shape" time="0.010" /><testcase classname="backend.tests.test_sirius_new_features.TestLocalMemory" name="test_add_projet" time="0.088" /><testcase classname="backend.tests.test_sirius_new_features.TestLocalMemory" name="test_add_duplicate_409" time="0.088" /><testcase classname="backend.tests.test_sirius_new_features.TestLocalMemory" name="test_add_empty_rejected" time="0.042" /><testcase classname="backend.tests.test_sirius_new_features.TestLocalMemory" name="test_filter_by_category" time="0.043" /><testcase classname="backend.tests.test_sirius_new_features.TestLocalMemory" name="test_delete_unknown_404" time="0.043" /><testcase classname="backend.tests.test_sirius_new_features.TestLocalMemory" name="test_delete_cleanup" time="0.175" /><testcase classname="backend.tests.test_sirius_new_features.TestDevReview" name="test_empty_code_400" time="0.042" /><testcase classname="backend.tests.test_sirius_new_features.TestDevReview" name="test_review_invalid_groq_key_400" time="0.229" /><testcase classname="backend.tests.test_sirius_new_features.TestDevReview" name="test_commit_action_accepted" time="0.219" /><testcase classname="backend.tests.test_sirius_new_features.TestDevReview" name="test_logs_action_accepted" time="0.173" /><testcase classname="backend.tests.test_sirius_new_features.TestChatWithLocalMemory" name="test_chat_still_returns_answer" time="0.149" /></testsuite></testsuites>