<?xml version="1.0" encoding="utf-8"?><testsuites name="pytest tests"><testsuite name="pytest" errors="0" failures="4" skipped="0" tests="10" time="3.385" timestamp="2026-08-06T10:13:12.522664+00:00" hostname="agent-env-2f24648e-0a4e-4f4a-8244-582e9ca6975c"><testcase classname="backend.tests.test_themis.TestThemisClients" name="test_client_crud_and_required_name" time="0.416" /><testcase classname="backend.tests.test_themis.TestThemisClients" name="test_blank_client_name_is_rejected" time="0.106"><failure message="AssertionError: {&quot;ok&quot;:true,&quot;client&quot;:{&quot;name&quot;:&quot;   &quot;,&quot;company&quot;:&quot;&quot;,&quot;email&quot;:&quot;&quot;,&quot;phone&quot;:&quot;&quot;,&quot;address&quot;:&quot;&quot;,&quot;notes&quot;:&quot;&quot;,&quot;id&quot;:&quot;054512d9-e187-427e-a43c-571473e32ae7&quot;,&quot;created_at&quot;:&quot;2026-08-06T10:13:13.057534+00:00&quot;}}&#10;assert 200 == 422&#10; +  where 200 = &lt;Response [200]&gt;.status_code">backend/tests/test_themis.py:94: in test_blank_client_name_is_rejected
    assert response.status_code == 422, response.text
E   AssertionError: {"ok":true,"client":{"name":"   ","company":"","email":"","phone":"","address":"","notes":"","id":"054512d9-e187-427e-a43c-571473e32ae7","created_at":"2026-08-06T10:13:13.057534+00:00"}}
E   assert 200 == 422
E    +  where 200 = &lt;Response [200]&gt;.status_code</failure></testcase><testcase classname="backend.tests.test_themis.TestThemisInventory" name="test_item_crud_stock_floor_and_alert_data" time="0.376" /><testcase classname="backend.tests.test_themis.TestThemisDocuments" name="test_quote_totals_status_conversion_and_invoice_filter" time="0.429" /><testcase classname="backend.tests.test_themis.TestThemisDocuments" name="test_malformed_document_line_is_validation_error_not_server_error" time="0.052"><failure message="AssertionError: Internal Server Error&#10;assert 500 == 422&#10; +  where 500 = &lt;Response [500]&gt;.status_code">backend/tests/test_themis.py:184: in test_malformed_document_line_is_validation_error_not_server_error
    assert response.status_code == 422, response.text
E   AssertionError: Internal Server Error
E   assert 500 == 422
E    +  where 500 = &lt;Response [500]&gt;.status_code</failure></testcase><testcase classname="backend.tests.test_themis.TestThemisOrders" name="test_order_create_status_and_delete" time="0.321" /><testcase classname="backend.tests.test_themis.TestThemisPayments" name="test_payment_marks_invoice_paid_and_delete_persists" time="0.322"><failure message="assert 300.0 == 0">backend/tests/test_themis.py:239: in test_payment_marks_invoice_paid_and_delete_persists
    assert invoice_after_delete["paid"] == 0
E   assert 300.0 == 0</failure></testcase><testcase classname="backend.tests.test_themis.TestThemisPayments" name="test_payment_rejects_quote_document" time="0.052"><failure message="AssertionError: {&quot;ok&quot;:true,&quot;payment&quot;:{&quot;doc_id&quot;:&quot;c31e11e8-f269-4e4e-b263-91bc02aa1ad3&quot;,&quot;amount&quot;:1.0,&quot;method&quot;:&quot;carte&quot;,&quot;note&quot;:&quot;TEST_invalid_quote_payment&quot;,&quot;id&quot;:&quot;edbe5fb6-4292-44a1-9b83-4feb9cab8529&quot;,&quot;created_at&quot;:&quot;2026-08-06T10:13:14.698479+00:00&quot;}}&#10;assert 200 in {400, 404, 422}&#10; +  where 200 = &lt;Response [200]&gt;.status_code">backend/tests/test_themis.py:252: in test_payment_rejects_quote_document
    assert response.status_code in {400, 404, 422}, response.text
E   AssertionError: {"ok":true,"payment":{"doc_id":"c31e11e8-f269-4e4e-b263-91bc02aa1ad3","amount":1.0,"method":"carte","note":"TEST_invalid_quote_payment","id":"edbe5fb6-4292-44a1-9b83-4feb9cab8529","created_at":"2026-08-06T10:13:14.698479+00:00"}}
E   assert 200 in {400, 404, 422}
E    +  where 200 = &lt;Response [200]&gt;.status_code</failure></testcase><testcase classname="backend.tests.test_themis.TestThemisDashboard" name="test_stats_deltas_stock_alert_and_recent_docs" time="0.418" /><testcase classname="backend.tests.test_themis.TestThemisStaticContracts" name="test_templates_and_mythos_themis" time="0.756" /></testsuite></testsuites>