<?xml version="1.0" encoding="utf-8"?><testsuites name="pytest tests"><testsuite name="pytest" errors="0" failures="1" skipped="0" tests="8" time="24.412" timestamp="2026-08-07T15:51:44.103395+00:00" hostname="agent-env-2f24648e-0a4e-4f4a-8244-582e9ca6975c"><testcase classname="backend.tests.test_agora_news_mythos.TestMythosAgora" name="test_all_13_characters_have_bio_and_capacities" time="0.228"><failure message="AssertionError: LOCUS#&#10;assert (False)&#10; +  where False = isinstance(None, str)&#10; +    where None = &lt;built-in method get of dict object at 0xf9dc20b0ee00&gt;('bio')&#10; +      where &lt;built-in method get of dict object at 0xf9dc20b0ee00&gt; = {'module': 'LOCUS#', 'character': 'Hermès', 'role': 'Géolocalisation &amp; itinéraires', 'image': '/api/mythos/img/locus.jpg', ...}.get">backend/tests/test_agora_news_mythos.py:67: in test_all_13_characters_have_bio_and_capacities
    assert isinstance(character.get("bio"), str) and character["bio"].strip(), character["module"]
E   AssertionError: LOCUS#
E   assert (False)
E    +  where False = isinstance(None, str)
E    +    where None = &lt;built-in method get of dict object at 0xf9dc20b0ee00&gt;('bio')
E    +      where &lt;built-in method get of dict object at 0xf9dc20b0ee00&gt; = {'module': 'LOCUS#', 'character': 'Hermès', 'role': 'Géolocalisation &amp; itinéraires', 'image': '/api/mythos/img/locus.jpg', ...}.get</failure></testcase><testcase classname="backend.tests.test_agora_news_mythos.TestMythosAgora" name="test_agora_consult_returns_required_sections" time="22.898" /><testcase classname="backend.tests.test_agora_news_mythos.TestAgoraDeals" name="test_get_returns_deals_and_exact_stages" time="0.065" /><testcase classname="backend.tests.test_agora_news_mythos.TestAgoraDeals" name="test_create_requires_nonempty_name" time="0.125" /><testcase classname="backend.tests.test_agora_news_mythos.TestAgoraDeals" name="test_create_is_persisted_then_update_stage_is_persisted" time="0.271" /><testcase classname="backend.tests.test_agora_news_mythos.TestAgoraDeals" name="test_unknown_stage_and_unknown_id_are_rejected" time="0.265" /><testcase classname="backend.tests.test_agora_news_mythos.TestAgoraDeals" name="test_delete_removes_deal" time="0.232" /><testcase classname="backend.tests.test_agora_news_mythos.TestNews" name="test_headlines_contract_or_expected_quota" time="0.211" /></testsuite></testsuites>