<?xml version="1.0" encoding="utf-8"?><testsuites name="pytest tests"><testsuite name="pytest" errors="0" failures="0" skipped="0" tests="6" time="16.481" timestamp="2026-08-05T18:57:48.074816+00:00" hostname="agent-env-2f24648e-0a4e-4f4a-8244-582e9ca6975c"><testcase classname="backend.tests.backend_test.TestStaticRestoredModules" name="test_mythos_characters_and_image" time="0.489" /><testcase classname="backend.tests.backend_test.TestSiriusCompleteAudit" name="test_hephaistos_diagnostic_is_19_of_19" time="13.676" /><testcase classname="backend.tests.backend_test.TestSiriusCompleteAudit" name="test_promo_shots_images_zip_and_ready_video" time="0.539" /><testcase classname="backend.tests.backend_test.TestSiriusCompleteAudit" name="test_mythos_nine_characters_and_new_images" time="0.338" /><testcase classname="backend.tests.backend_test.TestSiriusCompleteAudit" name="test_display_ask_initial_and_contextual_follow_up" time="1.203" /><testcase classname="backend.tests.backend_test.TestSiriusCompleteAudit" name="test_trailer_shots_contract" time="0.065" /></testsuite></testsuites>