<?xml version="1.0" encoding="utf-8"?><testsuites name="pytest tests"><testsuite name="pytest" errors="0" failures="8" skipped="0" tests="46" time="7.934" timestamp="2026-08-08T18:47:46.778801+00:00" hostname="agent-env-2f24648e-0a4e-4f4a-8244-582e9ca6975c"><testcase classname="backend.tests.test_iteration38_themis_admin" name="test_themis_route_rejects_unauthenticated_request[GET-/api/themis/clients-None]" time="0.272" /><testcase classname="backend.tests.test_iteration38_themis_admin" name="test_themis_route_rejects_unauthenticated_request[POST-/api/themis/clients-{'name': 'blocked'}]" time="0.112" /><testcase classname="backend.tests.test_iteration38_themis_admin" name="test_themis_route_rejects_unauthenticated_request[PUT-/api/themis/clients/missing-{'name': 'blocked'}]" time="0.105" /><testcase classname="backend.tests.test_iteration38_themis_admin" name="test_themis_route_rejects_unauthenticated_request[DELETE-/api/themis/clients/missing-None]" time="0.117" /><testcase classname="backend.tests.test_iteration38_themis_admin" name="test_themis_route_rejects_unauthenticated_request[GET-/api/themis/items-None]" time="0.110" /><testcase classname="backend.tests.test_iteration38_themis_admin" name="test_themis_route_rejects_unauthenticated_request[POST-/api/themis/items-{'name': 'blocked', 'stock': 1}]" time="0.123" /><testcase classname="backend.tests.test_iteration38_themis_admin" name="test_themis_route_rejects_unauthenticated_request[PUT-/api/themis/items/missing/stock-{'delta': 1}]" time="0.103" /><testcase classname="backend.tests.test_iteration38_themis_admin" name="test_themis_route_rejects_unauthenticated_request[DELETE-/api/themis/items/missing-None]" time="0.123" /><testcase classname="backend.tests.test_iteration38_themis_admin" name="test_themis_route_rejects_unauthenticated_request[GET-/api/themis/docs-None]" time="0.096" /><testcase classname="backend.tests.test_iteration38_themis_admin" name="test_themis_route_rejects_unauthenticated_request[POST-/api/themis/docs-{'kind': 'devis', 'lines': []}]" time="0.098" /><testcase classname="backend.tests.test_iteration38_themis_admin" name="test_themis_route_rejects_unauthenticated_request[POST-/api/themis/from-deal-{'deal_id': 'missing', 'kind': 'devis'}]" time="0.105" /><testcase classname="backend.tests.test_iteration38_themis_admin" name="test_themis_route_rejects_unauthenticated_request[PUT-/api/themis/docs/missing/status-{'status': 'envoy\xe9'}]" time="0.100" /><testcase classname="backend.tests.test_iteration38_themis_admin" name="test_themis_route_rejects_unauthenticated_request[POST-/api/themis/docs/missing/convert-None]" time="0.097" /><testcase classname="backend.tests.test_iteration38_themis_admin" name="test_themis_route_rejects_unauthenticated_request[GET-/api/themis/docs/missing/pdf-None]" time="0.095" /><testcase classname="backend.tests.test_iteration38_themis_admin" name="test_themis_route_rejects_unauthenticated_request[POST-/api/themis/docs/missing/email-{'to': 'qa@example.test', 'smtp': {'host': '127.0.0.1', 'por]" time="0.099" /><testcase classname="backend.tests.test_iteration38_themis_admin" name="test_themis_route_rejects_unauthenticated_request[DELETE-/api/themis/docs/missing-None]" time="0.110" /><testcase classname="backend.tests.test_iteration38_themis_admin" name="test_themis_route_rejects_unauthenticated_request[GET-/api/themis/orders-None]" time="0.102" /><testcase classname="backend.tests.test_iteration38_themis_admin" name="test_themis_route_rejects_unauthenticated_request[POST-/api/themis/orders-{'client_name': 'blocked', 'lines': []}]" time="0.104" /><testcase classname="backend.tests.test_iteration38_themis_admin" name="test_themis_route_rejects_unauthenticated_request[PUT-/api/themis/orders/missing/status-{'status': 'en_cours'}]" time="0.098" /><testcase classname="backend.tests.test_iteration38_themis_admin" name="test_themis_route_rejects_unauthenticated_request[DELETE-/api/themis/orders/missing-None]" time="0.094" /><testcase classname="backend.tests.test_iteration38_themis_admin" name="test_themis_route_rejects_unauthenticated_request[GET-/api/themis/payments-None]" time="0.103" /><testcase classname="backend.tests.test_iteration38_themis_admin" name="test_themis_route_rejects_unauthenticated_request[POST-/api/themis/payments-{'amount': 1}]" time="0.118" /><testcase classname="backend.tests.test_iteration38_themis_admin" name="test_themis_route_rejects_unauthenticated_request[DELETE-/api/themis/payments/missing-None]" time="0.102" /><testcase classname="backend.tests.test_iteration38_themis_admin" name="test_themis_route_rejects_unauthenticated_request[GET-/api/themis/pieces-None]" time="0.094" /><testcase classname="backend.tests.test_iteration38_themis_admin" name="test_themis_route_rejects_unauthenticated_request[PUT-/api/themis/pieces/missing-{'status': 'pay\xe9'}]" time="0.102"><failure message="AssertionError: PUT /api/themis/pieces/missing: 404 {&quot;detail&quot;:&quot;Pièce introuvable&quot;}&#10;assert 404 == 401&#10; +  where 404 = &lt;Response [404]&gt;.status_code">backend/tests/test_iteration38_themis_admin.py:136: in test_themis_route_rejects_unauthenticated_request
    assert response.status_code == 401, f"{method} {path}: {response.status_code} {response.text[:300]}"
E   AssertionError: PUT /api/themis/pieces/missing: 404 {"detail":"Pièce introuvable"}
E   assert 404 == 401
E    +  where 404 = &lt;Response [404]&gt;.status_code</failure></testcase><testcase classname="backend.tests.test_iteration38_themis_admin" name="test_themis_route_rejects_unauthenticated_request[GET-/api/themis/pieces/missing/file-None]" time="0.113"><failure message="AssertionError: GET /api/themis/pieces/missing/file: 404 {&quot;detail&quot;:&quot;Pièce introuvable&quot;}&#10;assert 404 == 401&#10; +  where 404 = &lt;Response [404]&gt;.status_code">backend/tests/test_iteration38_themis_admin.py:136: in test_themis_route_rejects_unauthenticated_request
    assert response.status_code == 401, f"{method} {path}: {response.status_code} {response.text[:300]}"
E   AssertionError: GET /api/themis/pieces/missing/file: 404 {"detail":"Pièce introuvable"}
E   assert 404 == 401
E    +  where 404 = &lt;Response [404]&gt;.status_code</failure></testcase><testcase classname="backend.tests.test_iteration38_themis_admin" name="test_themis_route_rejects_unauthenticated_request[DELETE-/api/themis/pieces/missing-None]" time="0.113"><failure message="AssertionError: DELETE /api/themis/pieces/missing: 200 {&quot;ok&quot;:true}&#10;assert 200 == 401&#10; +  where 200 = &lt;Response [200]&gt;.status_code">backend/tests/test_iteration38_themis_admin.py:136: in test_themis_route_rejects_unauthenticated_request
    assert response.status_code == 401, f"{method} {path}: {response.status_code} {response.text[:300]}"
E   AssertionError: DELETE /api/themis/pieces/missing: 200 {"ok":true}
E   assert 200 == 401
E    +  where 200 = &lt;Response [200]&gt;.status_code</failure></testcase><testcase classname="backend.tests.test_iteration38_themis_admin" name="test_themis_route_rejects_unauthenticated_request[GET-/api/themis/export-None]" time="0.121"><failure message="AssertionError: GET /api/themis/export: 200 PK#x03#x04#x14#x00#x00#x00#x08#x00��#x08]-�r�v#x00#x00#x00t#x00#x00#x00#x0B#x00#x00#x00clients.csv{�{�_~�up~r��%�WZ���&amp;f�X�#x1C^�sxeAF~^��cJQjqq��s�ᕇW*��r#x05�#x16�$�#x16%�(��*D��#x16[#x07;#x06�(��T�#x16�Z'��$&amp;�8T#x01%�Ҋ����#x0C��t&#13;,t&#13;�x�#x00PK#x03#x04#x14#x00#x00#x00#x08#x00��#x08]#x08�gkP#x00#x00#x00S#x00#x00#x00&#13;#x00#x00#x00documents.csv{�{�_i��E��!�#x05���9��y%�!�%�9&#10;  #x1E!�!a�PNH��u���9�WZ#x07�$���X#x1F�L�8�21/#x19������+#x15rRy�#x00PK#x03#x04#x14#x00#x00#x00#x08#x00��#x08]�#x0B�&amp;.#x00#x00#x00+#x00#x00#x00&#13;&#10;assert 200 == 401&#10; +  where 200 = &lt;Response [200]&gt;.status_code">backend/tests/test_iteration38_themis_admin.py:136: in test_themis_route_rejects_unauthenticated_request
    assert response.status_code == 401, f"{method} {path}: {response.status_code} {response.text[:300]}"
E   AssertionError: GET /api/themis/export: 200 PK#x03#x04#x14#x00#x00#x00#x08#x00��#x08]-�r�v#x00#x00#x00t#x00#x00#x00#x0B#x00#x00#x00clients.csv{�{�_~�up~r��%�WZ���&amp;f�X�#x1C^�sxeAF~^��cJQjqq��s�ᕇW*��r#x05�#x16�$�#x16%�(��*D��#x16[#x07;#x06�(��T�#x16�Z'��$&amp;�8T#x01%�Ҋ����#x0C��t,t�x�#x00PK#x03#x04#x14#x00#x00#x00#x08#x00��#x08]#x08�gkP#x00#x00#x00S#x00#x00#x00#x00#x00#x00documents.csv{�{�_i��E��!�#x05���9��y%�!�%�9
E     #x1E!�!a�PNH��u���9�WZ#x07�$���X#x1F�L�8�21/#x19������+#x15rRy�#x00PK#x03#x04#x14#x00#x00#x00#x08#x00��#x08]�#x0B�&amp;.#x00#x00#x00+#x00#x00#x00
E   assert 200 == 401
E    +  where 200 = &lt;Response [200]&gt;.status_code</failure></testcase><testcase classname="backend.tests.test_iteration38_themis_admin" name="test_themis_route_rejects_unauthenticated_request[GET-/api/themis/bilan-None]" time="0.104" /><testcase classname="backend.tests.test_iteration38_themis_admin" name="test_themis_route_rejects_unauthenticated_request[GET-/api/themis/stats-None]" time="0.107" /><testcase classname="backend.tests.test_iteration38_themis_admin" name="test_piece_upload_requires_authentication" time="0.099" /><testcase classname="backend.tests.test_iteration38_themis_admin" name="test_templates_remain_public" time="0.098" /><testcase classname="backend.tests.test_iteration38_themis_admin" name="test_account_b_lists_and_aggregates_are_empty" time="1.387" /><testcase classname="backend.tests.test_iteration38_themis_admin" name="test_account_b_cannot_modify_or_delete_a_core_objects" time="0.496" /><testcase classname="backend.tests.test_iteration38_themis_admin" name="test_account_b_cannot_read_a_pdf_or_email_a_doc" time="0.103" /><testcase classname="backend.tests.test_iteration38_themis_admin" name="test_from_deal_enforces_owner_and_persists_user_id" time="0.156" /><testcase classname="backend.tests.test_iteration38_themis_admin" name="test_account_b_cannot_download_a_piece" time="0.177"><failure message="assert 200 == 404&#10; +  where 200 = &lt;Response [200]&gt;.status_code">backend/tests/test_iteration38_themis_admin.py:334: in test_account_b_cannot_download_a_piece
    assert response.status_code == 404
E   assert 200 == 404
E    +  where 200 = &lt;Response [200]&gt;.status_code</failure></testcase><testcase classname="backend.tests.test_iteration38_themis_admin" name="test_account_b_cannot_update_a_piece" time="0.098"><failure message="AssertionError: assert ({'_id': ObjectId('6a7779d8c270918297783671'), 'id': '0f4506e9-dbc6-4610-bad5-22e67bd3a319', 'user_id': 'user_793669791fe3', 'filename': 'TEST_ITER38_2c13556b11_UPDATE.pdf', ...} and 'TEST_ITER38_2c13556b11_HACK' != 'TEST_ITER38_2c13556b11_HACK')&#10; +  where 'TEST_ITER38_2c13556b11_HACK' = &lt;built-in method get of dict object at 0xfb2d2b6f6400&gt;('fournisseur', '')&#10; +    where &lt;built-in method get of dict object at 0xfb2d2b6f6400&gt; = {'_id': ObjectId('6a7779d8c270918297783671'), 'id': '0f4506e9-dbc6-4610-bad5-22e67bd3a319', 'user_id': 'user_793669791fe3', 'filename': 'TEST_ITER38_2c13556b11_UPDATE.pdf', ...}.get">backend/tests/test_iteration38_themis_admin.py:348: in test_account_b_cannot_update_a_piece
    assert stored and stored.get("fournisseur", "") != f"{PREFIX}_HACK"
E   AssertionError: assert ({'_id': ObjectId('6a7779d8c270918297783671'), 'id': '0f4506e9-dbc6-4610-bad5-22e67bd3a319', 'user_id': 'user_793669791fe3', 'filename': 'TEST_ITER38_2c13556b11_UPDATE.pdf', ...} and 'TEST_ITER38_2c13556b11_HACK' != 'TEST_ITER38_2c13556b11_HACK')
E    +  where 'TEST_ITER38_2c13556b11_HACK' = &lt;built-in method get of dict object at 0xfb2d2b6f6400&gt;('fournisseur', '')
E    +    where &lt;built-in method get of dict object at 0xfb2d2b6f6400&gt; = {'_id': ObjectId('6a7779d8c270918297783671'), 'id': '0f4506e9-dbc6-4610-bad5-22e67bd3a319', 'user_id': 'user_793669791fe3', 'filename': 'TEST_ITER38_2c13556b11_UPDATE.pdf', ...}.get</failure></testcase><testcase classname="backend.tests.test_iteration38_themis_admin" name="test_account_b_cannot_delete_a_piece" time="0.095"><failure message="AssertionError: assert None is not None&#10; +  where None = find_one({'id': '67179fad-54a4-490d-84ae-b74203a8a3d5'})&#10; +    where find_one = Collection(Database(MongoClient(host=['localhost:27017'], document_class=dict, tz_aware=False, connect=True, serverselectiontimeoutms=5000), 'test_database'), 'themis_pieces').find_one&#10; +      where Collection(Database(MongoClient(host=['localhost:27017'], document_class=dict, tz_aware=False, connect=True, serverselectiontimeoutms=5000), 'test_database'), 'themis_pieces') = Database(MongoClient(host=['localhost:27017'], document_class=dict, tz_aware=False, connect=True, serverselectiontimeoutms=5000), 'test_database').themis_pieces">backend/tests/test_iteration38_themis_admin.py:359: in test_account_b_cannot_delete_a_piece
    assert mongo_db.themis_pieces.find_one({"id": piece["id"]}) is not None
E   AssertionError: assert None is not None
E    +  where None = find_one({'id': '67179fad-54a4-490d-84ae-b74203a8a3d5'})
E    +    where find_one = Collection(Database(MongoClient(host=['localhost:27017'], document_class=dict, tz_aware=False, connect=True, serverselectiontimeoutms=5000), 'test_database'), 'themis_pieces').find_one
E    +      where Collection(Database(MongoClient(host=['localhost:27017'], document_class=dict, tz_aware=False, connect=True, serverselectiontimeoutms=5000), 'test_database'), 'themis_pieces') = Database(MongoClient(host=['localhost:27017'], document_class=dict, tz_aware=False, connect=True, serverselectiontimeoutms=5000), 'test_database').themis_pieces</failure></testcase><testcase classname="backend.tests.test_iteration38_themis_admin" name="test_account_b_export_does_not_contain_account_a_data" time="0.048"><failure message="AssertionError: assert 'TEST_ITER38...6b11_OWNER_A' not in '\ufeffNom;S...);;60.00\r\n'&#10;  &#10;  'TEST_ITER38_2c13556b11_OWNER_A' is contained here:&#10;    ﻿Nom;Société;E-mail;Téléphone;Adresse;Créé le&#10;    Restaurant Le Zeus;SARL Olympe;contact@zeus.fr;;;2026-08-06&#10;    TEST_ITER38_2c13556b11_OWNER_A;TEST_QA;alpha@example.test;;;2026-08-08&#10;    &#10;    ﻿Numéro;Type;Client;Total HT;TVA;Total TTC;Réglé;Statut;Échéance;Créé le...&#10;  &#10;  ...Full output truncated (13 lines hidden), use '-vv' to show">backend/tests/test_iteration38_themis_admin.py:372: in test_account_b_export_does_not_contain_account_a_data
    assert themis_data["marker"] not in combined
E   AssertionError: assert 'TEST_ITER38...6b11_OWNER_A' not in '\ufeffNom;S...);;60.00\r\n'
E     
E     'TEST_ITER38_2c13556b11_OWNER_A' is contained here:
E       ﻿Nom;Société;E-mail;Téléphone;Adresse;Créé le
E       Restaurant Le Zeus;SARL Olympe;contact@zeus.fr;;;2026-08-06
E       TEST_ITER38_2c13556b11_OWNER_A;TEST_QA;alpha@example.test;;;2026-08-08
E       
E       ﻿Numéro;Type;Client;Total HT;TVA;Total TTC;Réglé;Statut;Échéance;Créé le...
E     
E     ...Full output truncated (13 lines hidden), use '-vv' to show</failure></testcase><testcase classname="backend.tests.test_iteration38_themis_admin" name="test_admin_claims_legacy_themis_records" time="0.400" /><testcase classname="backend.tests.test_iteration38_themis_admin" name="test_admin_users_authorization_roles_and_safe_activity" time="0.306" /><testcase classname="backend.tests.test_iteration38_themis_admin" name="test_admin_bcrypt_and_cookie_regression" time="0.551" /><testcase classname="backend.tests.test_iteration38_themis_admin" name="test_security_regression_routes_remain_private[GET-/api/agora/deals-None]" time="0.098" /><testcase classname="backend.tests.test_iteration38_themis_admin" name="test_security_regression_routes_remain_private[GET-/api/payments/transactions-None]" time="0.094" /><testcase classname="backend.tests.test_iteration38_themis_admin" name="test_security_regression_routes_remain_private[POST-/api/chat-body2]" time="0.105" /></testsuite></testsuites>