<?xml version="1.0" encoding="utf-8"?><testsuites name="pytest tests"><testsuite name="pytest" errors="0" failures="1" skipped="0" tests="9" time="1.823" timestamp="2026-08-07T19:06:42.119313+00:00" hostname="agent-env-2f24648e-0a4e-4f4a-8244-582e9ca6975c"><testcase classname="backend.tests.test_iteration32_sirius_hud" name="test_mythos_catalogue_contract" time="0.131" /><testcase classname="backend.tests.test_iteration32_sirius_hud" name="test_mythos_key_avatar_jpeg[argus.jpg]" time="0.113" /><testcase classname="backend.tests.test_iteration32_sirius_hud" name="test_mythos_key_avatar_jpeg[locus.jpg]" time="0.073" /><testcase classname="backend.tests.test_iteration32_sirius_hud" name="test_mythos_key_avatar_jpeg[solon.jpg]" time="0.071" /><testcase classname="backend.tests.test_iteration32_sirius_hud" name="test_mythos_key_avatar_jpeg[promethee.jpg]" time="0.071" /><testcase classname="backend.tests.test_iteration32_sirius_hud" name="test_google_tts_voice_contract[fr-FR-Neural2-F-2]" time="0.146" /><testcase classname="backend.tests.test_iteration32_sirius_hud" name="test_google_tts_voice_contract[fr-FR-Neural2-G--2]" time="0.164" /><testcase classname="backend.tests.test_iteration32_sirius_hud" name="test_google_tts_voice_contract[fr-FR-Neural2-A-0]" time="0.130" /><testcase classname="backend.tests.test_iteration32_sirius_hud" name="test_invalid_google_tts_voice_is_replaced_with_neural2_g" time="0.809"><failure message="AssertionError: assert 'fr-FR-Neural2-A' == 'fr-FR-Neural2-G'&#10;  &#10;  - fr-FR-Neural2-G&#10;  ?               ^&#10;  + fr-FR-Neural2-A&#10;  ?               ^">backend/tests/test_iteration32_sirius_hud.py:113: in test_invalid_google_tts_voice_is_replaced_with_neural2_g
    assert captured["voice"]["name"] == "fr-FR-Neural2-G"
E   AssertionError: assert 'fr-FR-Neural2-A' == 'fr-FR-Neural2-G'
E     
E     - fr-FR-Neural2-G
E     ?               ^
E     + fr-FR-Neural2-A
E     ?               ^</failure></testcase></testsuite></testsuites>