<?xml version="1.0" encoding="utf-8"?><testsuites name="pytest tests"><testsuite name="pytest" errors="0" failures="0" skipped="0" tests="15" time="2.457" timestamp="2026-08-07T21:32:47.856781+00:00" hostname="agent-env-2f24648e-0a4e-4f4a-8244-582e9ca6975c"><testcase classname="backend.tests.test_iteration33_new_features.TestConsultHistory" name="test_solon_seed_and_descending_order" time="0.162" /><testcase classname="backend.tests.test_iteration33_new_features.TestConsultHistory" name="test_create_verify_and_delete_history" time="0.222" /><testcase classname="backend.tests.test_iteration33_new_features.TestConsultHistory" name="test_delete_missing_history_returns_french_404" time="0.046" /><testcase classname="backend.tests.test_iteration33_new_features.TestConsultEmailValidation" name="test_empty_smtp_is_rejected_cleanly" time="0.057" /><testcase classname="backend.tests.test_iteration33_new_features.TestConsultEmailValidation" name="test_invalid_recipient_is_rejected_before_smtp" time="0.052" /><testcase classname="backend.tests.test_iteration33_new_features.TestConsultEmailValidation" name="test_unknown_module_returns_404" time="0.050" /><testcase classname="backend.tests.test_iteration33_new_features.TestPythagoreGeometry" name="test_recognized_geometry_returns_png[triangle rectangle 3 4]" time="0.457" /><testcase classname="backend.tests.test_iteration33_new_features.TestPythagoreGeometry" name="test_recognized_geometry_returns_png[cercle de rayon 5]" time="0.109" /><testcase classname="backend.tests.test_iteration33_new_features.TestPythagoreGeometry" name="test_recognized_geometry_returns_png[polygone 9 c\xf4t\xe9s]" time="0.120" /><testcase classname="backend.tests.test_iteration33_new_features.TestPythagoreGeometry" name="test_recognized_geometry_returns_png[carr\xe9 4]" time="0.093" /><testcase classname="backend.tests.test_iteration33_new_features.TestPythagoreGeometry" name="test_unknown_geometry_lists_recognized_forms" time="0.050" /><testcase classname="backend.tests.test_iteration33_new_features.TestPythagoreGeometry" name="test_impossible_triangle_returns_400" time="0.059" /><testcase classname="backend.tests.test_iteration33_new_features.TestPythagoreAndPdfRegression" name="test_solve_quadratic" time="0.668" /><testcase classname="backend.tests.test_iteration33_new_features.TestPythagoreAndPdfRegression" name="test_plot_sine_png" time="0.154" /><testcase classname="backend.tests.test_iteration33_new_features.TestPythagoreAndPdfRegression" name="test_consult_pdf" time="0.066" /></testsuite></testsuites>