<?xml version="1.0" encoding="utf-8"?><testsuites name="pytest tests"><testsuite name="pytest" errors="0" failures="1" skipped="0" tests="2" time="21.676" timestamp="2026-08-07T15:59:38.914470+00:00" hostname="agent-env-2f24648e-0a4e-4f4a-8244-582e9ca6975c"><testcase classname="backend.tests.backend_test.TestStaticRestoredModules" name="test_mythos_characters_and_image" time="20.100"><failure message="requests.exceptions.ReadTimeout: HTTPSConnectionPool(host='cybertech-panel.preview.emergentagent.com', port=443): Read timed out. (read timeout=20)">/root/.venv/lib/python3.11/site-packages/urllib3/connectionpool.py:534: in _make_request
    response = conn.getresponse()
               ^^^^^^^^^^^^^^^^^^
/root/.venv/lib/python3.11/site-packages/urllib3/connection.py:571: in getresponse
    httplib_response = super().getresponse()
                       ^^^^^^^^^^^^^^^^^^^^^
/usr/local/lib/python3.11/http/client.py:1415: in getresponse
    response.begin()
/usr/local/lib/python3.11/http/client.py:330: in begin
    version, status, reason = self._read_status()
                              ^^^^^^^^^^^^^^^^^^^
/usr/local/lib/python3.11/http/client.py:291: in _read_status
    line = str(self.fp.readline(_MAXLINE + 1), "iso-8859-1")
               ^^^^^^^^^^^^^^^^^^^^^^^^^^^^^^
/usr/local/lib/python3.11/socket.py:718: in readinto
    return self._sock.recv_into(b)
           ^^^^^^^^^^^^^^^^^^^^^^^
/usr/local/lib/python3.11/ssl.py:1314: in recv_into
    return self.read(nbytes, buffer)
           ^^^^^^^^^^^^^^^^^^^^^^^^^
/usr/local/lib/python3.11/ssl.py:1166: in read
    return self._sslobj.read(len, buffer)
           ^^^^^^^^^^^^^^^^^^^^^^^^^^^^^^
E   TimeoutError: The read operation timed out

The above exception was the direct cause of the following exception:
/root/.venv/lib/python3.11/site-packages/requests/adapters.py:696: in send
    resp = conn.urlopen(
/root/.venv/lib/python3.11/site-packages/urllib3/connectionpool.py:842: in urlopen
    retries = retries.increment(
/root/.venv/lib/python3.11/site-packages/urllib3/util/retry.py:498: in increment
    raise reraise(type(error), error, _stacktrace)
          ^^^^^^^^^^^^^^^^^^^^^^^^^^^^^^^^^^^^^^^^
/root/.venv/lib/python3.11/site-packages/urllib3/util/util.py:39: in reraise
    raise value
/root/.venv/lib/python3.11/site-packages/urllib3/connectionpool.py:788: in urlopen
    response = self._make_request(
/root/.venv/lib/python3.11/site-packages/urllib3/connectionpool.py:536: in _make_request
    self._raise_timeout(err=e, url=url, timeout_value=read_timeout)
/root/.venv/lib/python3.11/site-packages/urllib3/connectionpool.py:367: in _raise_timeout
    raise ReadTimeoutError(
E   urllib3.exceptions.ReadTimeoutError: HTTPSConnectionPool(host='cybertech-panel.preview.emergentagent.com', port=443): Read timed out. (read timeout=20)

During handling of the above exception, another exception occurred:
backend/tests/backend_test.py:33: in test_mythos_characters_and_image
    response = api.get(f"{BASE_URL}/api/mythos/characters", timeout=20)
               ^^^^^^^^^^^^^^^^^^^^^^^^^^^^^^^^^^^^^^^^^^^^^^^^^^^^^^^^
/root/.venv/lib/python3.11/site-packages/requests/sessions.py:671: in get
    return self.request("GET", url, params=params, **kwargs)
           ^^^^^^^^^^^^^^^^^^^^^^^^^^^^^^^^^^^^^^^^^^^^^^^^^
/root/.venv/lib/python3.11/site-packages/requests/sessions.py:651: in request
    resp = self.send(prep, **send_kwargs)
           ^^^^^^^^^^^^^^^^^^^^^^^^^^^^^^
/root/.venv/lib/python3.11/site-packages/requests/sessions.py:784: in send
    r = adapter.send(request, **kwargs)
        ^^^^^^^^^^^^^^^^^^^^^^^^^^^^^^^
/root/.venv/lib/python3.11/site-packages/requests/adapters.py:742: in send
    raise ReadTimeout(e, request=request)
E   requests.exceptions.ReadTimeout: HTTPSConnectionPool(host='cybertech-panel.preview.emergentagent.com', port=443): Read timed out. (read timeout=20)</failure></testcase><testcase classname="backend.tests.backend_test.TestSiriusCompleteAudit" name="test_mythos_thirteen_characters_and_new_images" time="1.269" /></testsuite></testsuites>