<?xml version="1.0" encoding="utf-8"?><testsuites name="pytest tests"><testsuite name="pytest" errors="0" failures="0" skipped="0" tests="2" time="0.422" timestamp="2026-08-07T16:24:47.498515+00:00" hostname="agent-env-2f24648e-0a4e-4f4a-8244-582e9ca6975c"><testcase classname="backend.tests.test_agora_news_mythos.TestMythosAgora" name="test_all_13_characters_have_bio_and_capacities" time="0.142" /><testcase classname="backend.tests.backend_test.TestStaticRestoredModules" name="test_mythos_characters_and_image" time="0.207" /></testsuite></testsuites>