<?xml version="1.0" encoding="utf-8"?><testsuites name="pytest tests"><testsuite name="pytest" errors="0" failures="0" skipped="0" tests="19" time="10.734" timestamp="2026-08-06T14:48:53.419669+00:00" hostname="agent-env-2f24648e-0a4e-4f4a-8244-582e9ca6975c"><testcase classname="backend.tests.test_themis.TestThemisClients" name="test_client_crud_and_required_name" time="0.668" /><testcase classname="backend.tests.test_themis.TestThemisClients" name="test_blank_client_name_is_rejected" time="0.086" /><testcase classname="backend.tests.test_themis.TestThemisInventory" name="test_item_crud_stock_floor_and_alert_data" time="0.589" /><testcase classname="backend.tests.test_themis.TestThemisDocuments" name="test_quote_totals_status_conversion_and_invoice_filter" time="0.675" /><testcase classname="backend.tests.test_themis.TestThemisDocuments" name="test_malformed_document_line_is_validation_error_not_server_error" time="0.086" /><testcase classname="backend.tests.test_themis.TestThemisOrders" name="test_order_create_status_and_delete" time="0.505" /><testcase classname="backend.tests.test_themis.TestThemisPayments" name="test_payment_marks_invoice_paid_and_delete_persists" time="0.536" /><testcase classname="backend.tests.test_themis.TestThemisPayments" name="test_payment_rejects_non_positive_amount[0]" time="0.082" /><testcase classname="backend.tests.test_themis.TestThemisPayments" name="test_payment_rejects_non_positive_amount[-1]" time="0.119" /><testcase classname="backend.tests.test_themis.TestThemisPayments" name="test_payment_rejects_non_positive_amount[-5.25]" time="0.081" /><testcase classname="backend.tests.test_themis.TestThemisPayments" name="test_payment_rejects_quote_document" time="0.083" /><testcase classname="backend.tests.test_themis.TestThemisDocumentPdf" name="test_document_pdf_is_valid[primary_quote_id-DEV-]" time="0.085" /><testcase classname="backend.tests.test_themis.TestThemisDocumentPdf" name="test_document_pdf_is_valid[primary_invoice_id-FAC-]" time="0.084" /><testcase classname="backend.tests.test_themis.TestThemisDocumentPdf" name="test_document_pdf_unknown_id_returns_404" time="0.111" /><testcase classname="backend.tests.test_themis.TestThemisPieces" name="test_upload_all_formats_and_piece_lifecycle" time="1.992" /><testcase classname="backend.tests.test_themis.TestThemisPieces" name="test_upload_rejects_extension_and_oversize" time="1.773" /><testcase classname="backend.tests.test_themis.TestThemisBilan" name="test_bilan_financier_and_echeances" time="0.802" /><testcase classname="backend.tests.test_themis.TestThemisDashboard" name="test_stats_deltas_stock_alert_and_recent_docs" time="0.591" /><testcase classname="backend.tests.test_themis.TestThemisStaticContracts" name="test_templates_and_mythos_themis" time="1.668" /></testsuite></testsuites>