<?xml version="1.0" encoding="utf-8"?><testsuites name="pytest tests"><testsuite name="pytest" errors="0" failures="0" skipped="0" tests="4" time="3.738" timestamp="2026-08-03T19:46:30.710017+00:00" hostname="agent-env-2f24648e-0a4e-4f4a-8244-582e9ca6975c"><testcase classname="backend.tests.backend_test.TestAtlasNavigation" name="test_route_from_address_lyon_to_marseille" time="1.318" /><testcase classname="backend.tests.backend_test.TestAtlasNavigation" name="test_route_from_gps_coordinates_to_versailles" time="0.788" /><testcase classname="backend.tests.backend_test.TestAtlasNavigation" name="test_route_unknown_destination_returns_french_404" time="0.401" /><testcase classname="backend.tests.backend_test.TestAtlasNavigation" name="test_locus_tour_eiffel_regression_with_empty_keys" time="1.079" /></testsuite></testsuites>