<?xml version="1.0" encoding="utf-8"?><testsuites name="pytest tests"><testsuite name="pytest" errors="0" failures="0" skipped="0" tests="24" time="11.805" timestamp="2026-08-06T14:49:47.431335+00:00" hostname="agent-env-2f24648e-0a4e-4f4a-8244-582e9ca6975c"><testcase classname="backend.tests.test_themis.TestThemisClients" name="test_client_crud_and_required_name" time="0.672" /><testcase classname="backend.tests.test_themis.TestThemisClients" name="test_blank_client_name_is_rejected" time="0.084" /><testcase classname="backend.tests.test_themis.TestThemisInventory" name="test_item_crud_stock_floor_and_alert_data" time="0.562" /><testcase classname="backend.tests.test_themis.TestThemisDocuments" name="test_quote_totals_status_conversion_and_invoice_filter" time="0.646" /><testcase classname="backend.tests.test_themis.TestThemisDocuments" name="test_malformed_document_line_is_validation_error_not_server_error" time="0.079" /><testcase classname="backend.tests.test_themis.TestThemisOrders" name="test_order_create_status_and_delete" time="0.513" /><testcase classname="backend.tests.test_themis.TestThemisPayments" name="test_payment_marks_invoice_paid_and_delete_persists" time="0.511" /><testcase classname="backend.tests.test_themis.TestThemisPayments" name="test_payment_rejects_non_positive_amount[0]" time="0.082" /><testcase classname="backend.tests.test_themis.TestThemisPayments" name="test_payment_rejects_non_positive_amount[-1]" time="0.084" /><testcase classname="backend.tests.test_themis.TestThemisPayments" name="test_payment_rejects_non_positive_amount[-5.25]" time="0.080" /><testcase classname="backend.tests.test_themis.TestThemisPayments" name="test_payment_rejects_quote_document" time="0.084" /><testcase classname="backend.tests.test_themis.TestThemisDocumentPdf" name="test_document_pdf_is_valid[primary_quote_id-DEV-]" time="0.092" /><testcase classname="backend.tests.test_themis.TestThemisDocumentPdf" name="test_document_pdf_is_valid[primary_invoice_id-FAC-]" time="0.086" /><testcase classname="backend.tests.test_themis.TestThemisDocumentPdf" name="test_document_pdf_unknown_id_returns_404" time="0.081" /><testcase classname="backend.tests.test_themis.TestThemisPieces" name="test_upload_all_formats_and_piece_lifecycle" time="2.062" /><testcase classname="backend.tests.test_themis.TestThemisPieces" name="test_upload_rejects_extension_and_oversize" time="1.189" /><testcase classname="backend.tests.test_themis.TestThemisBilan" name="test_bilan_financier_and_echeances" time="0.881" /><testcase classname="backend.tests.test_themis.TestThemisDashboard" name="test_stats_deltas_stock_alert_and_recent_docs" time="0.587" /><testcase classname="backend.tests.test_themis.TestThemisStaticContracts" name="test_templates_and_mythos_themis" time="0.345" /><testcase classname="backend.tests.test_themis.TestThemisEmailErrors" name="test_email_rejects_blank_smtp_host_in_french" time="0.082" /><testcase classname="backend.tests.test_themis.TestThemisEmailErrors" name="test_email_rejects_invalid_recipient_in_french" time="0.081" /><testcase classname="backend.tests.test_themis.TestThemisEmailErrors" name="test_email_unreachable_smtp_is_french_400_not_502" time="0.114" /><testcase classname="backend.tests.test_themis.TestThemisEmailErrors" name="test_email_unknown_document_is_404" time="0.080" /><testcase classname="backend.tests.test_themis.TestThemisMonthlyAndExport" name="test_monthly_series_and_accounting_export" time="2.565" /></testsuite></testsuites>