<?xml version="1.0" encoding="utf-8"?><testsuites name="pytest tests"><testsuite name="pytest" errors="0" failures="0" skipped="0" tests="24" time="119.421" timestamp="2026-08-07T19:01:40.930720+00:00" hostname="agent-env-2f24648e-0a4e-4f4a-8244-582e9ca6975c"><testcase classname="backend.tests.test_agora_news_mythos.TestMythosAgora" name="test_all_13_characters_have_bio_and_capacities" time="0.246" /><testcase classname="backend.tests.test_agora_news_mythos.TestMythosAgora" name="test_agora_consult_returns_required_sections" time="29.513" /><testcase classname="backend.tests.test_agora_news_mythos.TestAgoraDeals" name="test_get_returns_deals_and_exact_stages" time="0.049" /><testcase classname="backend.tests.test_agora_news_mythos.TestAgoraDeals" name="test_create_requires_nonempty_name" time="0.090" /><testcase classname="backend.tests.test_agora_news_mythos.TestAgoraDeals" name="test_create_is_persisted_then_update_stage_is_persisted" time="0.226" /><testcase classname="backend.tests.test_agora_news_mythos.TestAgoraDeals" name="test_unknown_stage_and_unknown_id_are_rejected" time="0.231" /><testcase classname="backend.tests.test_agora_news_mythos.TestAgoraDeals" name="test_delete_removes_deal" time="0.189" /><testcase classname="backend.tests.test_agora_news_mythos.TestNews" name="test_headlines_contract_or_expected_quota" time="0.189" /><testcase classname="backend.tests.test_iteration30_features.TestDealToThemis" name="test_won_deal_generates_document_and_persists_badge[devis-DEV-]" time="0.765" /><testcase classname="backend.tests.test_iteration30_features.TestDealToThemis" name="test_won_deal_generates_document_and_persists_badge[facture-FAC-]" time="0.586" /><testcase classname="backend.tests.test_iteration30_features.TestDealToThemis" name="test_from_deal_rejects_invalid_kind_and_unknown_deal" time="0.096" /><testcase classname="backend.tests.test_iteration30_features.TestAgoraCoaching" name="test_play_two_turns_then_structured_debrief" time="36.088" /><testcase classname="backend.tests.test_iteration30_features.TestOracleBriefing" name="test_overview_nonempty_and_mentions_live_headline" time="41.908" /><testcase classname="backend.tests.test_iteration31_ergonomics.TestKeyValidation" name="test_validate_key_contract[gmaps-AIzaFAKE-False-REQUEST_DENIED]" time="0.200" /><testcase classname="backend.tests.test_iteration31_ergonomics.TestKeyValidation" name="test_validate_key_contract[fal-abc123456789:secret-True-Format de cl\xe9 fal.ai valide]" time="0.075" /><testcase classname="backend.tests.test_iteration31_ergonomics.TestKeyValidation" name="test_validate_key_contract[serp-fake-False-refus\xe9e]" time="0.181" /><testcase classname="backend.tests.test_iteration31_ergonomics.TestKeyValidation" name="test_validate_key_contract[k3-sk-fake-False-refus\xe9e]" time="1.307" /><testcase classname="backend.tests.test_iteration31_ergonomics.TestKeyValidation" name="test_validate_key_contract[gmaps--False-Cl\xe9 vide.]" time="0.043" /><testcase classname="backend.tests.test_iteration31_ergonomics.TestChatModes" name="test_chat_rapide_returns_direct_answer_quickly" time="0.758" /><testcase classname="backend.tests.test_iteration31_ergonomics.TestChatModes" name="test_chat_default_profond_returns_normal_answer" time="4.762" /><testcase classname="backend.tests.test_iteration31_ergonomics.TestChatModes" name="test_chat_stream_rapide_sse_sequence" time="0.312" /><testcase classname="backend.tests.test_iteration31_ergonomics.TestAgoraRegression" name="test_objectif_get_put_and_persistence" time="0.243" /><testcase classname="backend.tests.test_iteration31_ergonomics.TestAgoraRegression" name="test_coach_history_contract" time="1.072" /><testcase classname="backend.tests.test_iteration31_ergonomics.TestAgoraRegression" name="test_relance_without_email_returns_clear_400_and_cleanup" time="0.196" /></testsuite></testsuites>