<?xml version="1.0" encoding="utf-8"?><testsuites name="pytest tests"><testsuite name="pytest" errors="0" failures="5" skipped="0" tests="16" time="5.067" timestamp="2026-08-08T17:23:43.697885+00:00" hostname="agent-env-2f24648e-0a4e-4f4a-8244-582e9ca6975c"><testcase classname="tests.test_iteration35_auth.TestAuthenticationAPI" name="test_register_returns_public_profile_and_http_only_cookies" time="1.045" /><testcase classname="tests.test_iteration35_auth.TestAuthenticationAPI" name="test_register_rejects_short_password_and_duplicate_email" time="0.202" /><testcase classname="tests.test_iteration35_auth.TestAuthenticationAPI" name="test_admin_login_and_wrong_password" time="0.681" /><testcase classname="tests.test_iteration35_auth.TestAuthenticationAPI" name="test_five_failures_trigger_lockout_for_disposable_email" time="0.385"><failure message="AssertionError: {&quot;detail&quot;:&quot;Email ou mot de passe incorrect.&quot;}&#10;assert 401 == 429&#10; +  where 401 = &lt;Response [401]&gt;.status_code">tests/test_iteration35_auth.py:122: in test_five_failures_trigger_lockout_for_disposable_email
    assert locked.status_code == 429, locked.text
E   AssertionError: {"detail":"Email ou mot de passe incorrect."}
E   assert 401 == 429
E    +  where 401 = &lt;Response [401]&gt;.status_code</failure></testcase><testcase classname="tests.test_iteration35_auth.TestAuthenticationAPI" name="test_me_requires_cookie_and_returns_profile_with_cookie" time="0.150" /><testcase classname="tests.test_iteration35_auth.TestAuthenticationAPI" name="test_profile_update_persists_name_and_preferences" time="0.094" /><testcase classname="tests.test_iteration35_auth.TestAuthenticationAPI" name="test_logout_deletes_cookies_and_session_is_rejected" time="0.090" /><testcase classname="tests.test_iteration35_auth.TestPerUserIsolation" name="test_local_memory_fact_is_visible_only_to_owner" time="0.166" /><testcase classname="tests.test_iteration35_auth.TestPerUserIsolation" name="test_unauthenticated_local_memory_access_is_rejected" time="0.102"><failure message="AssertionError: User memory is exposed through the legacy fallback without authentication&#10;assert 200 == 401&#10; +  where 200 = &lt;Response [200]&gt;.status_code">tests/test_iteration35_auth.py:176: in test_unauthenticated_local_memory_access_is_rejected
    assert response.status_code == 401, "User memory is exposed through the legacy fallback without authentication"
E   AssertionError: User memory is exposed through the legacy fallback without authentication
E   assert 200 == 401
E    +  where 200 = &lt;Response [200]&gt;.status_code</failure></testcase><testcase classname="tests.test_iteration35_auth.TestPerUserIsolation" name="test_user_b_cannot_delete_user_a_fact" time="0.110"><failure message="AssertionError: A different authenticated user deleted the owner's fact&#10;assert 200 in (403, 404)&#10; +  where 200 = &lt;Response [200]&gt;.status_code">tests/test_iteration35_auth.py:186: in test_user_b_cannot_delete_user_a_fact
    assert cross_delete.status_code in (403, 404), "A different authenticated user deleted the owner's fact"
E   AssertionError: A different authenticated user deleted the owner's fact
E   assert 200 in (403, 404)
E    +  where 200 = &lt;Response [200]&gt;.status_code</failure></testcase><testcase classname="tests.test_iteration35_auth.TestPerUserIsolation" name="test_new_account_calendar_status_is_disconnected" time="0.048" /><testcase classname="tests.test_iteration35_auth.TestRequestedRegressions" name="test_health" time="0.097" /><testcase classname="tests.test_iteration35_auth.TestRequestedRegressions" name="test_cortex_stats_has_typed_totals" time="0.106" /><testcase classname="tests.test_iteration35_auth.TestRequestedRegressions" name="test_pantheon_connectivity_contract" time="0.837" /><testcase classname="tests.test_iteration35_auth.TestRequestedRegressions" name="test_credentialed_cors_preflight_uses_request_origin" time="0.065"><failure message="AssertionError: assert '*' == 'https://qa-auth.example.test'&#10;  &#10;  - https://qa-auth.example.test&#10;  + *">tests/test_iteration35_auth.py:227: in test_credentialed_cors_preflight_uses_request_origin
    assert response.headers.get("access-control-allow-origin") == origin
E   AssertionError: assert '*' == 'https://qa-auth.example.test'
E     
E     - https://qa-auth.example.test
E     + *</failure></testcase><testcase classname="tests.test_iteration35_auth" name="test_seed_admin_updates_existing_stale_password" time="0.679"><failure message="AssertionError: Existing admin password hash was not reconciled&#10;assert False&#10; +  where False = &lt;built-in function checkpw&gt;(b'new-password', b'$2b$12$pMKv9nn6mbQibxNN0cVnoet7jziWnRYya8pt3.CEBuEAdAjc370t.')&#10; +    where &lt;built-in function checkpw&gt; = bcrypt.checkpw&#10; +    and   b'$2b$12$pMKv9nn6mbQibxNN0cVnoet7jziWnRYya8pt3.CEBuEAdAjc370t.' = &lt;built-in method encode of str object at 0xfc33311ccab0&gt;()&#10; +      where &lt;built-in method encode of str object at 0xfc33311ccab0&gt; = '$2b$12$pMKv9nn6mbQibxNN0cVnoet7jziWnRYya8pt3.CEBuEAdAjc370t.'.encode">tests/test_iteration35_auth.py:267: in test_seed_admin_updates_existing_stale_password
    assert bcrypt.checkpw(b"new-password", db.users.document["password_hash"].encode()), "Existing admin password hash was not reconciled"
E   AssertionError: Existing admin password hash was not reconciled
E   assert False
E    +  where False = &lt;built-in function checkpw&gt;(b'new-password', b'$2b$12$pMKv9nn6mbQibxNN0cVnoet7jziWnRYya8pt3.CEBuEAdAjc370t.')
E    +    where &lt;built-in function checkpw&gt; = bcrypt.checkpw
E    +    and   b'$2b$12$pMKv9nn6mbQibxNN0cVnoet7jziWnRYya8pt3.CEBuEAdAjc370t.' = &lt;built-in method encode of str object at 0xfc33311ccab0&gt;()
E    +      where &lt;built-in method encode of str object at 0xfc33311ccab0&gt; = '$2b$12$pMKv9nn6mbQibxNN0cVnoet7jziWnRYya8pt3.CEBuEAdAjc370t.'.encode</failure></testcase></testsuite></testsuites>