<?xml version="1.0" encoding="utf-8"?><testsuites name="pytest tests"><testsuite name="pytest" errors="0" failures="1" skipped="0" tests="4" time="1.742" timestamp="2026-08-09T11:20:22.540430+00:00" hostname="agent-env-2f24648e-0a4e-4f4a-8244-582e9ca6975c"><testcase classname="backend.tests.test_iteration35_auth.TestAuthenticationAPI" name="test_five_failures_trigger_lockout_for_disposable_email" time="0.393" /><testcase classname="backend.tests.test_iteration40_intent" name="test_normal_user_password_hash_uses_bcrypt_2b_prefix" time="0.011" /><testcase classname="backend.tests.test_iteration35_auth" name="test_seed_admin_updates_existing_stale_password" time="1.106" /><testcase classname="backend.tests.test_iteration35_auth.TestRequestedRegressions" name="test_credentialed_cors_preflight_uses_request_origin" time="0.065"><failure message="AssertionError: assert '*' == 'https://qa-auth.example.test'&#10;  &#10;  - https://qa-auth.example.test&#10;  + *">backend/tests/test_iteration35_auth.py:227: in test_credentialed_cors_preflight_uses_request_origin
    assert response.headers.get("access-control-allow-origin") == origin
E   AssertionError: assert '*' == 'https://qa-auth.example.test'
E     
E     - https://qa-auth.example.test
E     + *</failure></testcase></testsuite></testsuites>