<?xml version="1.0" encoding="utf-8"?><testsuites name="pytest tests"><testsuite name="pytest" errors="0" failures="0" skipped="0" tests="5" time="82.467" timestamp="2026-08-07T16:17:00.043439+00:00" hostname="agent-env-2f24648e-0a4e-4f4a-8244-582e9ca6975c"><testcase classname="backend.tests.test_iteration30_features.TestDealToThemis" name="test_won_deal_generates_document_and_persists_badge[devis-DEV-]" time="1.015" /><testcase classname="backend.tests.test_iteration30_features.TestDealToThemis" name="test_won_deal_generates_document_and_persists_badge[facture-FAC-]" time="0.602" /><testcase classname="backend.tests.test_iteration30_features.TestDealToThemis" name="test_from_deal_rejects_invalid_kind_and_unknown_deal" time="0.112" /><testcase classname="backend.tests.test_iteration30_features.TestAgoraCoaching" name="test_play_two_turns_then_structured_debrief" time="35.150" /><testcase classname="backend.tests.test_iteration30_features.TestOracleBriefing" name="test_overview_nonempty_and_mentions_live_headline" time="45.492" /></testsuite></testsuites>