<?xml version="1.0" encoding="utf-8"?><testsuites name="pytest tests"><testsuite name="pytest" errors="0" failures="4" skipped="0" tests="20" time="10.050" timestamp="2026-08-08T17:58:35.791939+00:00" hostname="agent-env-2f24648e-0a4e-4f4a-8244-582e9ca6975c"><testcase classname="backend.tests.test_iteration36_auth_payments.TestAuthenticationAndCors" name="test_admin_hash_format_and_login" time="0.359" /><testcase classname="backend.tests.test_iteration36_auth_payments.TestAuthenticationAndCors" name="test_wrong_password_is_401" time="1.314" /><testcase classname="backend.tests.test_iteration36_auth_payments.TestAuthenticationAndCors" name="test_profile_me_refresh_logout_flow" time="0.585" /><testcase classname="backend.tests.test_iteration36_auth_payments.TestAuthenticationAndCors" name="test_five_failures_lock_sixth_attempt_by_normalized_email" time="0.643" /><testcase classname="backend.tests.test_iteration36_auth_payments.TestAuthenticationAndCors" name="test_real_get_response_has_credentialed_cors_headers" time="0.103"><failure message="AssertionError: assert '*' == 'https://2a9b....example.test'&#10;  &#10;  - https://2a9b7d9e2f.qa.example.test&#10;  + *">backend/tests/test_iteration36_auth_payments.py:185: in test_real_get_response_has_credentialed_cors_headers
    assert response.headers.get("access-control-allow-origin") == origin
E   AssertionError: assert '*' == 'https://2a9b....example.test'
E     
E     - https://2a9b7d9e2f.qa.example.test
E     + *</failure></testcase><testcase classname="backend.tests.test_iteration36_auth_payments.TestLocalMemoryIsolation" name="test_all_memory_methods_require_auth[GET-/api/local-memory-None]" time="0.105" /><testcase classname="backend.tests.test_iteration36_auth_payments.TestLocalMemoryIsolation" name="test_all_memory_methods_require_auth[POST-/api/local-memory-json_body1]" time="0.098" /><testcase classname="backend.tests.test_iteration36_auth_payments.TestLocalMemoryIsolation" name="test_all_memory_methods_require_auth[PUT-/api/local-memory/nonexistent-json_body2]" time="0.100" /><testcase classname="backend.tests.test_iteration36_auth_payments.TestLocalMemoryIsolation" name="test_all_memory_methods_require_auth[DELETE-/api/local-memory/nonexistent-None]" time="0.095" /><testcase classname="backend.tests.test_iteration36_auth_payments.TestLocalMemoryIsolation" name="test_user_b_cannot_read_update_or_delete_user_a_fact" time="0.441" /><testcase classname="backend.tests.test_iteration36_auth_payments" name="test_seed_admin_updates_existing_stale_password" time="1.097" /><testcase classname="backend.tests.test_iteration36_auth_payments.TestChatIsolation" name="test_standard_chat_and_reset_are_isolated" time="1.151" /><testcase classname="backend.tests.test_iteration36_auth_payments.TestChatIsolation" name="test_stream_chat_and_reset_are_isolated" time="1.016" /><testcase classname="backend.tests.test_iteration36_auth_payments.TestSensitiveApiAuthentication" name="test_sensitive_routes_reject_unauthenticated_clients[POST-/api/chat/reset-json_body0]" time="0.120"><failure message="AssertionError: POST /api/chat/reset exposed a user-scoped resource without authentication: 200 {&quot;ok&quot;:true}&#10;assert 200 == 401&#10; +  where 200 = &lt;Response [200]&gt;.status_code">backend/tests/test_iteration36_auth_payments.py:384: in test_sensitive_routes_reject_unauthenticated_clients
    assert response.status_code == 401, (
E   AssertionError: POST /api/chat/reset exposed a user-scoped resource without authentication: 200 {"ok":true}
E   assert 200 == 401
E    +  where 200 = &lt;Response [200]&gt;.status_code</failure></testcase><testcase classname="backend.tests.test_iteration36_auth_payments.TestSensitiveApiAuthentication" name="test_sensitive_routes_reject_unauthenticated_clients[GET-/api/agora/deals-None]" time="0.100"><failure message="AssertionError: GET /api/agora/deals exposed a user-scoped resource without authentication: 200 {&quot;deals&quot;:[{&quot;id&quot;:&quot;1c6505fd-5226-4938-8361-693562f36ba1&quot;,&quot;nom&quot;:&quot;Restaurant Le Phare&quot;,&quot;entreprise&quot;:&quot;Le Phare SARL&quot;,&quot;valeur&quot;:1068.0,&quot;etape&quot;:&quot;PROPOSITION&quot;,&quot;note&quot;:&quot;Intéressé par HACCP&quot;,&quot;relance&quot;:&quot;2026-06-10&quot;,&quot;created_at&quot;:&quot;2026-08-07T15:48:38.038519+00:00&quot;,&quot;updated_at&quot;:&quot;2026-08-07T15:48:52.175472+00:00&quot;}],&#10;assert 200 == 401&#10; +  where 200 = &lt;Response [200]&gt;.status_code">backend/tests/test_iteration36_auth_payments.py:384: in test_sensitive_routes_reject_unauthenticated_clients
    assert response.status_code == 401, (
E   AssertionError: GET /api/agora/deals exposed a user-scoped resource without authentication: 200 {"deals":[{"id":"1c6505fd-5226-4938-8361-693562f36ba1","nom":"Restaurant Le Phare","entreprise":"Le Phare SARL","valeur":1068.0,"etape":"PROPOSITION","note":"Intéressé par HACCP","relance":"2026-06-10","created_at":"2026-08-07T15:48:38.038519+00:00","updated_at":"2026-08-07T15:48:52.175472+00:00"}],
E   assert 200 == 401
E    +  where 200 = &lt;Response [200]&gt;.status_code</failure></testcase><testcase classname="backend.tests.test_iteration36_auth_payments.TestSensitiveApiAuthentication" name="test_sensitive_routes_reject_unauthenticated_clients[GET-/api/payments/transactions-None]" time="0.187"><failure message="AssertionError: GET /api/payments/transactions exposed a user-scoped resource without authentication: 200 {&quot;transactions&quot;:[{&quot;session_id&quot;:&quot;cs_test_demo_paid_001&quot;,&quot;deal_id&quot;:&quot;demo1&quot;,&quot;deal_nom&quot;:&quot;Client Démo&quot;,&quot;deal_entreprise&quot;:&quot;ACME&quot;,&quot;deal_email&quot;:&quot;client@demo.fr&quot;,&quot;checkout_url&quot;:&quot;https://checkout.stripe.com/demo&quot;,&quot;percent&quot;:30,&quot;amount&quot;:36000,&quot;currency&quot;:&quot;eur&quot;,&quot;status&quot;:&quot;completed&quot;,&quot;payment_status&quot;:&quot;paid&quot;,&quot;create&#10;assert 200 == 401&#10; +  where 200 = &lt;Response [200]&gt;.status_code">backend/tests/test_iteration36_auth_payments.py:384: in test_sensitive_routes_reject_unauthenticated_clients
    assert response.status_code == 401, (
E   AssertionError: GET /api/payments/transactions exposed a user-scoped resource without authentication: 200 {"transactions":[{"session_id":"cs_test_demo_paid_001","deal_id":"demo1","deal_nom":"Client Démo","deal_entreprise":"ACME","deal_email":"client@demo.fr","checkout_url":"https://checkout.stripe.com/demo","percent":30,"amount":36000,"currency":"eur","status":"completed","payment_status":"paid","create
E   assert 200 == 401
E    +  where 200 = &lt;Response [200]&gt;.status_code</failure></testcase><testcase classname="backend.tests.test_iteration36_auth_payments.TestStripePdfAndReminderRegression" name="test_checkout_status_lists_and_pending_receipt" time="1.669" /><testcase classname="backend.tests.test_iteration36_auth_payments.TestStripePdfAndReminderRegression" name="test_paid_receipt_is_valid_pdf" time="0.110" /><testcase classname="backend.tests.test_iteration36_auth_payments.TestStripePdfAndReminderRegression" name="test_pending_payment_reminder_sends_email" time="0.105" /><testcase classname="backend.tests.test_iteration36_auth_payments.TestStripePdfAndReminderRegression" name="test_payment_error_contracts" time="0.417" /></testsuite></testsuites>