<?xml version="1.0" encoding="utf-8"?><testsuites name="pytest tests"><testsuite name="pytest" errors="0" failures="2" skipped="0" tests="36" time="21.702" timestamp="2026-08-08T18:24:40.208818+00:00" hostname="agent-env-2f24648e-0a4e-4f4a-8244-582e9ca6975c"><testcase classname="tests.test_iteration37_security_isolation.TestAuthRegression" name="test_admin_login_hash_and_httponly_cookies" time="0.621" /><testcase classname="tests.test_iteration37_security_isolation.TestAuthRegression" name="test_register_me_logout_login_me" time="1.465" /><testcase classname="tests.test_iteration37_security_isolation.TestAuthRegression" name="test_lockout_after_five_failures_is_email_only" time="0.642" /><testcase classname="tests.test_iteration37_security_isolation.TestChatSecurity" name="test_all_chat_writes_require_cookie[/api/chat-body0]" time="0.092" /><testcase classname="tests.test_iteration37_security_isolation.TestChatSecurity" name="test_all_chat_writes_require_cookie[/api/chat/stream-body1]" time="0.107" /><testcase classname="tests.test_iteration37_security_isolation.TestChatSecurity" name="test_all_chat_writes_require_cookie[/api/chat/reset-body2]" time="0.110" /><testcase classname="tests.test_iteration37_security_isolation.TestChatSecurity" name="test_anonymous_chat_auth_precedes_content_validation[/api/chat]" time="0.098"><failure message="AssertionError: /api/chat validates anonymous content before authentication: 400 {&quot;detail&quot;:&quot;Texte vide&quot;}&#10;assert 400 == 401&#10; +  where 400 = &lt;Response [400]&gt;.status_code">tests/test_iteration37_security_isolation.py:165: in test_anonymous_chat_auth_precedes_content_validation
    assert response.status_code == 401, (
E   AssertionError: /api/chat validates anonymous content before authentication: 400 {"detail":"Texte vide"}
E   assert 400 == 401
E    +  where 400 = &lt;Response [400]&gt;.status_code</failure></testcase><testcase classname="tests.test_iteration37_security_isolation.TestChatSecurity" name="test_anonymous_chat_auth_precedes_content_validation[/api/chat/stream]" time="0.108"><failure message="AssertionError: /api/chat/stream validates anonymous content before authentication: 400 {&quot;detail&quot;:&quot;Texte vide&quot;}&#10;assert 400 == 401&#10; +  where 400 = &lt;Response [400]&gt;.status_code">tests/test_iteration37_security_isolation.py:165: in test_anonymous_chat_auth_precedes_content_validation
    assert response.status_code == 401, (
E   AssertionError: /api/chat/stream validates anonymous content before authentication: 400 {"detail":"Texte vide"}
E   assert 400 == 401
E    +  where 400 = &lt;Response [400]&gt;.status_code</failure></testcase><testcase classname="tests.test_iteration37_security_isolation.TestChatSecurity" name="test_standard_and_stream_chat_isolation_and_reset" time="2.059" /><testcase classname="tests.test_iteration37_security_isolation.TestLocalMemoryRegression" name="test_get_requires_cookie" time="0.125" /><testcase classname="tests.test_iteration37_security_isolation.TestLocalMemoryRegression" name="test_local_memory_a_b_isolation" time="0.337" /><testcase classname="tests.test_iteration37_security_isolation.TestAgoraAuthentication" name="test_agora_routes_reject_anonymous_clients[GET-/api/agora/deals-None]" time="0.094" /><testcase classname="tests.test_iteration37_security_isolation.TestAgoraAuthentication" name="test_agora_routes_reject_anonymous_clients[POST-/api/agora/deals-body1]" time="0.102" /><testcase classname="tests.test_iteration37_security_isolation.TestAgoraAuthentication" name="test_agora_routes_reject_anonymous_clients[PUT-/api/agora/deals/missing-body2]" time="0.109" /><testcase classname="tests.test_iteration37_security_isolation.TestAgoraAuthentication" name="test_agora_routes_reject_anonymous_clients[DELETE-/api/agora/deals/missing-None]" time="0.117" /><testcase classname="tests.test_iteration37_security_isolation.TestAgoraAuthentication" name="test_agora_routes_reject_anonymous_clients[GET-/api/agora/objectif-None]" time="0.109" /><testcase classname="tests.test_iteration37_security_isolation.TestAgoraAuthentication" name="test_agora_routes_reject_anonymous_clients[PUT-/api/agora/objectif-body5]" time="0.100" /><testcase classname="tests.test_iteration37_security_isolation.TestAgoraAuthentication" name="test_agora_routes_reject_anonymous_clients[POST-/api/agora/deals/missing/relance-body6]" time="0.104" /><testcase classname="tests.test_iteration37_security_isolation.TestAgoraAuthentication" name="test_agora_routes_reject_anonymous_clients[GET-/api/agora/coach/history-None]" time="0.100" /><testcase classname="tests.test_iteration37_security_isolation.TestAgoraAuthentication" name="test_agora_routes_reject_anonymous_clients[GET-/api/agora/deals/export.csv-None]" time="0.116" /><testcase classname="tests.test_iteration37_security_isolation.TestAgoraAuthentication" name="test_agora_routes_reject_anonymous_clients[POST-/api/agora/coach-body9]" time="0.107" /><testcase classname="tests.test_iteration37_security_isolation.TestAgoraIsolation" name="test_created_deal_persists_owner_and_is_visible_only_to_owner" time="0.158" /><testcase classname="tests.test_iteration37_security_isolation.TestAgoraIsolation" name="test_seeded_deals_crud_export_and_objective_are_isolated" time="0.653" /><testcase classname="tests.test_iteration37_security_isolation.TestAgoraIsolation" name="test_coach_history_is_filtered_by_user" time="0.103" /><testcase classname="tests.test_iteration37_security_isolation.TestAgoraIsolation" name="test_authenticated_coach_debrief_persists_owner" time="10.891" /><testcase classname="tests.test_iteration37_security_isolation.TestAgoraIsolation" name="test_admin_claims_all_legacy_agora_records_on_first_request" time="0.408" /><testcase classname="tests.test_iteration37_security_isolation.TestPaymentsAuthentication" name="test_payment_routes_reject_anonymous_clients[GET-/api/payments/transactions-None]" time="0.102" /><testcase classname="tests.test_iteration37_security_isolation.TestPaymentsAuthentication" name="test_payment_routes_reject_anonymous_clients[GET-/api/payments/deals-status-None]" time="0.101" /><testcase classname="tests.test_iteration37_security_isolation.TestPaymentsAuthentication" name="test_payment_routes_reject_anonymous_clients[POST-/api/payments/deal-checkout-body2]" time="0.098" /><testcase classname="tests.test_iteration37_security_isolation.TestPaymentsAuthentication" name="test_payment_routes_reject_anonymous_clients[GET-/api/payments/status/missing-None]" time="0.139" /><testcase classname="tests.test_iteration37_security_isolation.TestPaymentsAuthentication" name="test_payment_routes_reject_anonymous_clients[GET-/api/payments/receipt/missing-None]" time="0.118" /><testcase classname="tests.test_iteration37_security_isolation.TestPaymentsAuthentication" name="test_payment_routes_reject_anonymous_clients[POST-/api/payments/remind-body5]" time="0.111" /><testcase classname="tests.test_iteration37_security_isolation.TestPaymentsAuthentication" name="test_webhook_remains_public_and_rejects_invalid_signature" time="0.106" /><testcase classname="tests.test_iteration37_security_isolation.TestPaymentsIsolation" name="test_checkout_only_accepts_owned_deal_and_transaction_is_private" time="1.144" /><testcase classname="tests.test_iteration37_security_isolation.TestPaymentsIsolation" name="test_seeded_transactions_status_receipt_remind_and_deal_status_are_filtered" time="0.430" /><testcase classname="tests.test_iteration37_security_isolation" name="test_direct_backend_cors_allows_preview_origin_with_credentials" time="0.010" /></testsuite></testsuites>