<?xml version="1.0" encoding="utf-8"?><testsuites name="pytest tests"><testsuite name="pytest" errors="0" failures="1" skipped="0" tests="11" time="19.673" timestamp="2026-08-09T10:54:17.278002+00:00" hostname="agent-env-2f24648e-0a4e-4f4a-8244-582e9ca6975c"><testcase classname="backend.tests.test_iteration41_vision_intent.TestSiriusVoyant" name="test_analyze_readable_jpeg_returns_structured_ocr" time="13.860" /><testcase classname="backend.tests.test_iteration41_vision_intent.TestSiriusVoyant" name="test_empty_image_is_400_with_french_detail" time="0.049" /><testcase classname="backend.tests.test_iteration41_vision_intent.TestSiriusVoyant" name="test_garbage_base64_is_controlled_client_or_upstream_error" time="1.161"><failure message="AssertionError: Expected French JSON detail, got status=502, content-type='text/html; charset=UTF-8', body='&lt;!DOCTYPE html&gt;\n&lt;!--[if lt IE 7]&gt; &lt;html class=&quot;no-js ie6 oldie&quot; lang=&quot;en-US&quot;&gt; &lt;![endif]--&gt;\n&lt;!--[if IE 7]&gt;    &lt;html class=&quot;no-js ie7 oldie&quot; lang=&quot;en-US&quot;&gt; &lt;![endif]--&gt;\n&lt;!--[if IE 8]&gt;    &lt;html class=&quot;no-js ie8 oldie&quot; lang=&quot;en-US&quot;&gt; &lt;![endif]--&gt;\n&lt;!--[if gt IE 8]&gt;&lt;!--&gt; &lt;html class=&quot;no-js&quot; lang=&quot;en-US&quot;&gt; &lt;!'&#10;assert 'application/json' in 'text/html; charset=utf-8'&#10; +  where 'text/html; charset=utf-8' = &lt;built-in method lower of str object at 0xfdfcd34a6f10&gt;()&#10; +    where &lt;built-in method lower of str object at 0xfdfcd34a6f10&gt; = 'text/html; charset=UTF-8'.lower">backend/tests/test_iteration41_vision_intent.py:136: in test_garbage_base64_is_controlled_client_or_upstream_error
    assert "application/json" in content_type.lower(), (
E   AssertionError: Expected French JSON detail, got status=502, content-type='text/html; charset=UTF-8', body='&lt;!DOCTYPE html&gt;\n&lt;!--[if lt IE 7]&gt; &lt;html class="no-js ie6 oldie" lang="en-US"&gt; &lt;![endif]--&gt;\n&lt;!--[if IE 7]&gt;    &lt;html class="no-js ie7 oldie" lang="en-US"&gt; &lt;![endif]--&gt;\n&lt;!--[if IE 8]&gt;    &lt;html class="no-js ie8 oldie" lang="en-US"&gt; &lt;![endif]--&gt;\n&lt;!--[if gt IE 8]&gt;&lt;!--&gt; &lt;html class="no-js" lang="en-US"&gt; &lt;!'
E   assert 'application/json' in 'text/html; charset=utf-8'
E    +  where 'text/html; charset=utf-8' = &lt;built-in method lower of str object at 0xfdfcd34a6f10&gt;()
E    +    where &lt;built-in method lower of str object at 0xfdfcd34a6f10&gt; = 'text/html; charset=UTF-8'.lower</failure></testcase><testcase classname="backend.tests.test_iteration41_vision_intent.TestIntentRegression" name="test_vision_phrasings[regarde ce que je te montre]" time="0.521" /><testcase classname="backend.tests.test_iteration41_vision_intent.TestIntentRegression" name="test_vision_phrasings[jette un \u0153il \xe0 \xe7a]" time="0.500" /><testcase classname="backend.tests.test_iteration41_vision_intent.TestIntentRegression" name="test_vision_phrasings[dis-moi ce que tu vois]" time="0.525" /><testcase classname="backend.tests.test_iteration41_vision_intent.TestIntentRegression" name="test_established_intents[je veux voir la bourse-open_module-nummarius]" time="0.328" /><testcase classname="backend.tests.test_iteration41_vision_intent.TestIntentRegression" name="test_established_intents[fais dispara\xeetre toutes les fen\xeatres-minimize_all-None]" time="0.411" /><testcase classname="backend.tests.test_iteration41_vision_intent.TestIntentRegression" name="test_established_intents[tais-toi-stop_reading-None]" time="0.455" /><testcase classname="backend.tests.test_iteration41_vision_intent.TestIntentRegression" name="test_established_intents[combien font 12 fois 8-none-None]" time="0.355" /><testcase classname="backend.tests.test_iteration41_vision_intent" name="test_intent_burst_never_silently_returns_none" time="1.404" /></testsuite></testsuites>