<?xml version="1.0" encoding="utf-8"?><testsuites name="pytest tests"><testsuite name="pytest" errors="0" failures="1" skipped="0" tests="11" time="7.561" timestamp="2026-08-07T16:53:45.005590+00:00" hostname="agent-env-2f24648e-0a4e-4f4a-8244-582e9ca6975c"><testcase classname="backend.tests.test_iteration31_ergonomics.TestKeyValidation" name="test_validate_key_contract[gmaps-AIzaFAKE-False-REQUEST_DENIED]" time="0.406" /><testcase classname="backend.tests.test_iteration31_ergonomics.TestKeyValidation" name="test_validate_key_contract[fal-abc123456789:secret-True-Format de cl\xe9 fal.ai valide]" time="0.064"><failure message="AssertionError: assert False is True&#10; +  where False = &lt;built-in method get of dict object at 0xfb9dcc4f3780&gt;('ok')&#10; +    where &lt;built-in method get of dict object at 0xfb9dcc4f3780&gt; = {'ok': False, 'message': 'Format attendu : key_id:key_secret.'}.get">backend/tests/test_iteration31_ergonomics.py:46: in test_validate_key_contract
    assert data.get("ok") is expected_ok
E   AssertionError: assert False is True
E    +  where False = &lt;built-in method get of dict object at 0xfb9dcc4f3780&gt;('ok')
E    +    where &lt;built-in method get of dict object at 0xfb9dcc4f3780&gt; = {'ok': False, 'message': 'Format attendu : key_id:key_secret.'}.get</failure></testcase><testcase classname="backend.tests.test_iteration31_ergonomics.TestKeyValidation" name="test_validate_key_contract[serp-fake-False-refus\xe9e]" time="0.176" /><testcase classname="backend.tests.test_iteration31_ergonomics.TestKeyValidation" name="test_validate_key_contract[k3-sk-fake-False-refus\xe9e]" time="1.169" /><testcase classname="backend.tests.test_iteration31_ergonomics.TestKeyValidation" name="test_validate_key_contract[gmaps--False-Cl\xe9 vide.]" time="0.043" /><testcase classname="backend.tests.test_iteration31_ergonomics.TestChatModes" name="test_chat_rapide_returns_direct_answer_quickly" time="0.510" /><testcase classname="backend.tests.test_iteration31_ergonomics.TestChatModes" name="test_chat_default_profond_returns_normal_answer" time="4.264" /><testcase classname="backend.tests.test_iteration31_ergonomics.TestChatModes" name="test_chat_stream_rapide_sse_sequence" time="0.355" /><testcase classname="backend.tests.test_iteration31_ergonomics.TestAgoraRegression" name="test_objectif_get_put_and_persistence" time="0.221" /><testcase classname="backend.tests.test_iteration31_ergonomics.TestAgoraRegression" name="test_coach_history_contract" time="0.047" /><testcase classname="backend.tests.test_iteration31_ergonomics.TestAgoraRegression" name="test_relance_without_email_returns_clear_400_and_cleanup" time="0.195" /></testsuite></testsuites>