<?xml version="1.0" encoding="utf-8"?><testsuites name="pytest tests"><testsuite name="pytest" errors="0" failures="0" skipped="0" tests="5" time="2.356" timestamp="2026-06-25T16:38:09.136439+00:00" hostname="agent-env-e2684f61-e070-4820-8bd1-dfcd02dce834"><testcase classname="backend.tests.test_sirius_memory.TestChatMemory" name="test_memory_used_in_answer_lasagnes" time="0.504" /><testcase classname="backend.tests.test_sirius_memory.TestChatMemory" name="test_chat_profile_only_no_memory" time="0.514" /><testcase classname="backend.tests.test_sirius_memory.TestChatMemory" name="test_chat_empty_text_returns_400" time="0.126" /><testcase classname="backend.tests.test_sirius_memory.TestChatMemory" name="test_chat_memory_empty_list_ok" time="0.448" /><testcase classname="backend.tests.test_sirius_memory.TestChatMemory" name="test_chat_memory_multiple_facts_referenced" time="0.696" /></testsuite></testsuites>