<?xml version="1.0" encoding="utf-8"?><testsuites name="pytest tests"><testsuite name="pytest" errors="0" failures="0" skipped="0" tests="5" time="2.460" timestamp="2026-06-25T15:39:11.655414+00:00" hostname="agent-env-e2684f61-e070-4820-8bd1-dfcd02dce834"><testcase classname="backend.tests.test_sirius_profile_and_tts" name="test_chat_personalized_with_profile" time="0.776" /><testcase classname="backend.tests.test_sirius_profile_and_tts" name="test_chat_accepts_keys_and_profile_shape" time="0.458" /><testcase classname="backend.tests.test_sirius_profile_and_tts" name="test_chat_empty_still_400_with_new_schema" time="0.123" /><testcase classname="backend.tests.test_sirius_profile_and_tts" name="test_tts_empty_openai_key_falls_back_or_clear_error" time="0.933" /><testcase classname="backend.tests.test_sirius_profile_and_tts" name="test_tts_empty_text_returns_400" time="0.106" /></testsuite></testsuites>