<?xml version="1.0" encoding="utf-8"?><testsuites name="pytest tests"><testsuite name="pytest" errors="0" failures="0" skipped="0" tests="9" time="3.059" timestamp="2026-06-25T16:44:12.712969+00:00" hostname="agent-env-e2684f61-e070-4820-8bd1-dfcd02dce834"><testcase classname="backend.tests.test_sirius_reset.TestChatReset" name="test_reset_simple_returns_ok" time="0.227" /><testcase classname="backend.tests.test_sirius_reset.TestChatReset" name="test_reset_default_session_works" time="0.151" /><testcase classname="backend.tests.test_sirius_reset.TestChatReset" name="test_full_lasagnes_reset_then_no_recall" time="1.060" /><testcase classname="backend.tests.test_sirius_reset.TestChatReset" name="test_reset_is_idempotent" time="0.153" /><testcase classname="backend.tests.test_sirius_memory.TestChatMemory" name="test_memory_used_in_answer_lasagnes" time="0.458" /><testcase classname="backend.tests.test_sirius_memory.TestChatMemory" name="test_chat_profile_only_no_memory" time="0.279" /><testcase classname="backend.tests.test_sirius_memory.TestChatMemory" name="test_chat_empty_text_returns_400" time="0.109" /><testcase classname="backend.tests.test_sirius_memory.TestChatMemory" name="test_chat_memory_empty_list_ok" time="0.220" /><testcase classname="backend.tests.test_sirius_memory.TestChatMemory" name="test_chat_memory_multiple_facts_referenced" time="0.328" /></testsuite></testsuites>