<?xml version="1.0" encoding="utf-8"?><testsuites name="pytest tests"><testsuite name="pytest" errors="0" failures="0" skipped="0" tests="13" time="16.197" timestamp="2026-07-31T20:24:40.588442+00:00" hostname="agent-env-2f24648e-0a4e-4f4a-8244-582e9ca6975c"><testcase classname="backend.tests.backend_test.TestStaticRestoredModules" name="test_mythos_characters_and_image" time="0.264" /><testcase classname="backend.tests.backend_test.TestStaticRestoredModules" name="test_trailer_shots_image_and_download" time="0.198" /><testcase classname="backend.tests.backend_test.TestStaticRestoredModules" name="test_wahou_activation" time="0.053" /><testcase classname="backend.tests.backend_test.TestLocusHeracles" name="test_locus_geocode_eiffel_tower" time="10.708" /><testcase classname="backend.tests.backend_test.TestLocusHeracles" name="test_locus_route_paris_lyon" time="1.567" /><testcase classname="backend.tests.backend_test.TestLocusHeracles" name="test_heracles_check_and_pdf" time="1.169" /><testcase classname="backend.tests.backend_test.TestArgusAndScripts" name="test_argus_scan_and_report" time="0.282" /><testcase classname="backend.tests.backend_test.TestArgusAndScripts" name="test_script_analyze_install_list_delete" time="0.859" /><testcase classname="backend.tests.backend_test.TestSuggestionsSystemAndInstall" name="test_suggestions_contract_and_settings_restore" time="0.145" /><testcase classname="backend.tests.backend_test.TestSuggestionsSystemAndInstall" name="test_system_diagnostic_and_mode_restore" time="0.546" /><testcase classname="backend.tests.backend_test.TestSuggestionsSystemAndInstall" name="test_install_backend_step_and_server_key" time="0.089" /><testcase classname="backend.tests.backend_test.TestPackagerAndMemory" name="test_packager_build_and_download" time="0.114" /><testcase classname="backend.tests.backend_test.TestPackagerAndMemory" name="test_memory_list_and_export" time="0.092" /></testsuite></testsuites>