<?xml version="1.0" encoding="utf-8"?><testsuites name="pytest tests"><testsuite name="pytest" errors="0" failures="0" skipped="0" tests="5" time="3.645" timestamp="2026-06-25T15:38:29.677158+00:00" hostname="agent-env-e2684f61-e070-4820-8bd1-dfcd02dce834"><testcase classname="backend.tests.test_sirius_brain" name="test_chat_simple_french_answer" time="0.765" /><testcase classname="backend.tests.test_sirius_brain" name="test_chat_triggers_web_search" time="0.816" /><testcase classname="backend.tests.test_sirius_brain" name="test_chat_conversation_memory" time="1.728" /><testcase classname="backend.tests.test_sirius_brain" name="test_chat_empty_text_returns_400" time="0.139" /><testcase classname="backend.tests.test_sirius_brain" name="test_chat_whitespace_text_returns_400" time="0.135" /></testsuite></testsuites>