<?xml version="1.0" encoding="utf-8"?><testsuites name="pytest tests"><testsuite name="pytest" errors="0" failures="0" skipped="0" tests="10" time="1.419" timestamp="2026-07-08T20:52:50.462372+00:00" hostname="agent-env-e2684f61-e070-4820-8bd1-dfcd02dce834"><testcase classname="backend.tests.test_sirius_backend.TestChat" name="test_chat_fallback_shape" time="0.580" /><testcase classname="backend.tests.test_sirius_backend.TestChat" name="test_chat_invalid_body_key_gives_clean_fallback" time="0.161" /><testcase classname="backend.tests.test_sirius_backend.TestChat" name="test_chat_empty_text_400" time="0.053" /><testcase classname="backend.tests.test_sirius_backend.TestReset" name="test_reset_ok" time="0.048" /><testcase classname="backend.tests.test_sirius_backend.TestRemovedEndpoints" name="test_tts_removed" time="0.048" /><testcase classname="backend.tests.test_sirius_backend.TestRemovedEndpoints" name="test_stt_removed" time="0.067" /><testcase classname="backend.tests.test_sirius_backend.TestSpotify" name="test_login_returns_auth_url" time="0.050" /><testcase classname="backend.tests.test_sirius_backend.TestSpotify" name="test_now_playing_no_token_401" time="0.047" /><testcase classname="backend.tests.test_sirius_backend.TestDownload" name="test_source_zip_ok" time="0.046" /><testcase classname="backend.tests.test_sirius_backend.TestDownload" name="test_traversal_rejected" time="0.133" /></testsuite></testsuites>