<?xml version="1.0" encoding="utf-8"?><testsuites name="pytest tests"><testsuite name="pytest" errors="0" failures="0" skipped="0" tests="6" time="4.866" timestamp="2026-06-26T15:55:20.173104+00:00" hostname="agent-env-e2684f61-e070-4820-8bd1-dfcd02dce834"><testcase classname="backend.tests.test_sirius_stt" name="test_tts_stt_roundtrip_french" time="2.773" /><testcase classname="backend.tests.test_sirius_stt" name="test_stt_no_file_returns_422" time="0.138" /><testcase classname="backend.tests.test_sirius_stt" name="test_stt_empty_file_returns_error" time="0.139" /><testcase classname="backend.tests.test_sirius_stt" name="test_stt_invalid_audio_returns_error" time="1.048" /><testcase classname="backend.tests.test_sirius_stt" name="test_white_label_index_html" time="0.137" /><testcase classname="backend.tests.test_sirius_stt" name="test_chat_creator_mentions_partel_demo_mode" time="0.563" /></testsuite></testsuites>